<?xml version="1.0" encoding="UTF-8"?>
<coverage generated="1711202320927" clover="3.2.0">
  <project timestamp="1711202320927" name="All files">
    <metrics statements="85" coveredstatements="85" conditionals="22" coveredconditionals="22" methods="9" coveredmethods="9" elements="116" coveredelements="116" complexity="0" loc="85" ncloc="85" packages="1" files="4" classes="4"/>
    <file name="format.ts" path="/Users/yunse/Development/yunsecode/npm/scss-order/src/utils/format.ts">
      <metrics statements="25" coveredstatements="25" conditionals="8" coveredconditionals="8" methods="2" coveredmethods="2"/>
      <line num="4" count="49" type="cond" truecount="1" falsecount="0"/>
      <line num="5" count="16" type="stmt"/>
      <line num="7" count="33" type="stmt"/>
      <line num="8" count="33" type="stmt"/>
      <line num="11" count="1" type="stmt"/>
      <line num="12" count="12" type="stmt"/>
      <line num="13" count="12" type="stmt"/>
      <line num="15" count="12" type="stmt"/>
      <line num="16" count="49" type="cond" truecount="2" falsecount="0"/>
      <line num="17" count="20" type="stmt"/>
      <line num="18" count="20" type="stmt"/>
      <line num="19" count="20" type="stmt"/>
      <line num="20" count="29" type="cond" truecount="2" falsecount="0"/>
      <line num="21" count="20" type="stmt"/>
      <line num="22" count="20" type="stmt"/>
      <line num="23" count="20" type="stmt"/>
      <line num="24" count="9" type="cond" truecount="2" falsecount="0"/>
      <line num="25" count="8" type="cond" truecount="1" falsecount="0"/>
      <line num="26" count="2" type="stmt"/>
      <line num="28" count="8" type="stmt"/>
      <line num="29" count="8" type="stmt"/>
      <line num="31" count="1" type="stmt"/>
      <line num="32" count="1" type="stmt"/>
      <line num="35" count="12" type="stmt"/>
      <line num="37" count="12" type="stmt"/>
    </file>
    <file name="order.ts" path="/Users/yunse/Development/yunsecode/npm/scss-order/src/utils/order.ts">
      <metrics statements="36" coveredstatements="36" conditionals="6" coveredconditionals="6" methods="4" coveredmethods="4"/>
      <line num="1" count="1" type="stmt"/>
      <line num="2" count="1" type="stmt"/>
      <line num="6" count="3" type="stmt"/>
      <line num="7" count="3" type="stmt"/>
      <line num="9" count="3" type="stmt"/>
      <line num="10" count="6" type="stmt"/>
      <line num="13" count="3" type="stmt"/>
      <line num="14" count="99" type="stmt"/>
      <line num="16" count="99" type="cond" truecount="1" falsecount="0"/>
      <line num="17" count="6" type="stmt"/>
      <line num="18" count="6" type="stmt"/>
      <line num="22" count="3" type="stmt"/>
      <line num="24" count="3" type="stmt"/>
      <line num="25" count="3" type="stmt"/>
      <line num="26" count="6" type="stmt"/>
      <line num="27" count="6" type="stmt"/>
      <line num="31" count="1" type="stmt"/>
      <line num="32" count="3" type="stmt"/>
      <line num="33" count="3" type="stmt"/>
      <line num="35" count="3" type="stmt"/>
      <line num="37" count="3" type="stmt"/>
      <line num="38" count="6" type="stmt"/>
      <line num="39" count="6" type="stmt"/>
      <line num="40" count="6" type="stmt"/>
      <line num="43" count="6" type="cond" truecount="1" falsecount="0"/>
      <line num="44" count="3" type="stmt"/>
      <line num="45" count="3" type="stmt"/>
      <line num="46" count="9" type="cond" truecount="3" falsecount="0"/>
      <line num="47" count="3" type="stmt"/>
      <line num="48" count="3" type="stmt"/>
      <line num="49" count="3" type="stmt"/>
      <line num="51" count="6" type="stmt"/>
      <line num="56" count="6" type="cond" truecount="1" falsecount="0"/>
      <line num="57" count="3" type="stmt"/>
      <line num="59" count="6" type="stmt"/>
      <line num="61" count="3" type="stmt"/>
    </file>
    <file name="orderList.ts" path="/Users/yunse/Development/yunsecode/npm/scss-order/src/utils/orderList.ts">
      <metrics statements="7" coveredstatements="7" conditionals="1" coveredconditionals="1" methods="1" coveredmethods="1"/>
      <line num="3" count="2" type="stmt"/>
      <line num="39" count="2" type="stmt"/>
      <line num="40" count="5" type="stmt"/>
      <line num="43" count="5" type="stmt"/>
      <line num="44" count="165" type="cond" truecount="1" falsecount="0"/>
      <line num="45" count="161" type="stmt"/>
      <line num="49" count="5" type="stmt"/>
    </file>
    <file name="splitText.ts" path="/Users/yunse/Development/yunsecode/npm/scss-order/src/utils/splitText.ts">
      <metrics statements="17" coveredstatements="17" conditionals="7" coveredconditionals="7" methods="2" coveredmethods="2"/>
      <line num="2" count="18" type="stmt"/>
      <line num="4" count="18" type="stmt"/>
      <line num="5" count="178" type="cond" truecount="4" falsecount="0"/>
      <line num="6" count="14" type="stmt"/>
      <line num="7" count="14" type="cond" truecount="1" falsecount="0"/>
      <line num="8" count="14" type="stmt"/>
      <line num="10" count="14" type="stmt"/>
      <line num="14" count="18" type="cond" truecount="1" falsecount="0"/>
      <line num="15" count="2" type="stmt"/>
      <line num="16" count="2" type="cond" truecount="1" falsecount="0"/>
      <line num="17" count="2" type="stmt"/>
      <line num="22" count="2" type="stmt"/>
      <line num="24" count="5" type="stmt"/>
      <line num="25" count="5" type="stmt"/>
      <line num="27" count="5" type="stmt"/>
      <line num="28" count="18" type="stmt"/>
      <line num="31" count="5" type="stmt"/>
    </file>
  </project>
</coverage>
