{"/Users/yunse/Development/yunsecode/npm/scss-order/src/utils/format.ts": {"path":"/Users/yunse/Development/yunsecode/npm/scss-order/src/utils/format.ts","statementMap":{"0":{"start":{"line":4,"column":4},"end":{"line":6,"column":5}},"1":{"start":{"line":5,"column":8},"end":{"line":5,"column":21}},"2":{"start":{"line":7,"column":19},"end":{"line":7,"column":36}},"3":{"start":{"line":8,"column":4},"end":{"line":8,"column":26}},"4":{"start":{"line":12,"column":18},"end":{"line":12,"column":35}},"5":{"start":{"line":13,"column":17},"end":{"line":13,"column":18}},"6":{"start":{"line":15,"column":4},"end":{"line":34,"column":5}},"7":{"start":{"line":15,"column":17},"end":{"line":15,"column":18}},"8":{"start":{"line":16,"column":8},"end":{"line":33,"column":9}},"9":{"start":{"line":17,"column":12},"end":{"line":17,"column":28}},"10":{"start":{"line":18,"column":12},"end":{"line":18,"column":94}},"11":{"start":{"line":19,"column":12},"end":{"line":19,"column":21}},"12":{"start":{"line":20,"column":15},"end":{"line":33,"column":9}},"13":{"start":{"line":21,"column":12},"end":{"line":21,"column":28}},"14":{"start":{"line":22,"column":12},"end":{"line":22,"column":94}},"15":{"start":{"line":23,"column":12},"end":{"line":23,"column":32}},"16":{"start":{"line":24,"column":15},"end":{"line":33,"column":9}},"17":{"start":{"line":25,"column":12},"end":{"line":27,"column":13}},"18":{"start":{"line":26,"column":16},"end":{"line":26,"column":32}},"19":{"start":{"line":28,"column":12},"end":{"line":28,"column":28}},"20":{"start":{"line":29,"column":12},"end":{"line":29,"column":88}},"21":{"start":{"line":31,"column":12},"end":{"line":31,"column":28}},"22":{"start":{"line":32,"column":12},"end":{"line":32,"column":88}},"23":{"start":{"line":35,"column":4},"end":{"line":35,"column":20}},"24":{"start":{"line":37,"column":4},"end":{"line":37,"column":19}},"25":{"start":{"line":11,"column":0},"end":{"line":11,"column":16}}},"fnMap":{"0":{"name":"addSpacesToBeginning","decl":{"start":{"line":3,"column":9},"end":{"line":3,"column":29}},"loc":{"start":{"line":3,"column":58},"end":{"line":9,"column":1}}},"1":{"name":"formatProperties","decl":{"start":{"line":11,"column":16},"end":{"line":11,"column":32}},"loc":{"start":{"line":11,"column":73},"end":{"line":38,"column":1}}}},"branchMap":{"0":{"loc":{"start":{"line":4,"column":4},"end":{"line":6,"column":5}},"type":"if","locations":[{"start":{"line":4,"column":4},"end":{"line":6,"column":5}}]},"1":{"loc":{"start":{"line":16,"column":8},"end":{"line":33,"column":9}},"type":"if","locations":[{"start":{"line":16,"column":8},"end":{"line":33,"column":9}},{"start":{"line":20,"column":15},"end":{"line":33,"column":9}}]},"2":{"loc":{"start":{"line":20,"column":15},"end":{"line":33,"column":9}},"type":"if","locations":[{"start":{"line":20,"column":15},"end":{"line":33,"column":9}},{"start":{"line":24,"column":15},"end":{"line":33,"column":9}}]},"3":{"loc":{"start":{"line":24,"column":15},"end":{"line":33,"column":9}},"type":"if","locations":[{"start":{"line":24,"column":15},"end":{"line":33,"column":9}},{"start":{"line":30,"column":15},"end":{"line":33,"column":9}}]},"4":{"loc":{"start":{"line":25,"column":12},"end":{"line":27,"column":13}},"type":"if","locations":[{"start":{"line":25,"column":12},"end":{"line":27,"column":13}}]}},"s":{"0":49,"1":16,"2":33,"3":33,"4":12,"5":12,"6":12,"7":12,"8":49,"9":20,"10":20,"11":20,"12":29,"13":20,"14":20,"15":20,"16":9,"17":8,"18":2,"19":8,"20":8,"21":1,"22":1,"23":12,"24":12,"25":1},"f":{"0":49,"1":12},"b":{"0":[16],"1":[20,29],"2":[20,9],"3":[8,1],"4":[2]}}
,"/Users/yunse/Development/yunsecode/npm/scss-order/src/utils/order.ts": {"path":"/Users/yunse/Development/yunsecode/npm/scss-order/src/utils/order.ts","statementMap":{"0":{"start":{"line":1,"column":0},"end":{"line":1,"column":53}},"1":{"start":{"line":2,"column":0},"end":{"line":2,"column":44}},"2":{"start":{"line":6,"column":29},"end":{"line":6,"column":31}},"3":{"start":{"line":7,"column":42},"end":{"line":7,"column":44}},"4":{"start":{"line":9,"column":4},"end":{"line":11,"column":5}},"5":{"start":{"line":9,"column":17},"end":{"line":9,"column":31}},"6":{"start":{"line":10,"column":8},"end":{"line":10,"column":29}},"7":{"start":{"line":13,"column":4},"end":{"line":20,"column":7}},"8":{"start":{"line":14,"column":27},"end":{"line":14,"column":102}},"9":{"start":{"line":14,"column":58},"end":{"line":14,"column":101}},"10":{"start":{"line":16,"column":8},"end":{"line":19,"column":9}},"11":{"start":{"line":17,"column":12},"end":{"line":17,"column":57}},"12":{"start":{"line":18,"column":12},"end":{"line":18,"column":41}},"13":{"start":{"line":22,"column":28},"end":{"line":22,"column":62}},"14":{"start":{"line":24,"column":12},"end":{"line":24,"column":13}},"15":{"start":{"line":25,"column":4},"end":{"line":28,"column":5}},"16":{"start":{"line":25,"column":17},"end":{"line":25,"column":31}},"17":{"start":{"line":26,"column":8},"end":{"line":26,"column":37}},"18":{"start":{"line":27,"column":8},"end":{"line":27,"column":12}},"19":{"start":{"line":32,"column":23},"end":{"line":32,"column":57}},"20":{"start":{"line":33,"column":25},"end":{"line":33,"column":46}},"21":{"start":{"line":35,"column":12},"end":{"line":35,"column":13}},"22":{"start":{"line":37,"column":4},"end":{"line":60,"column":5}},"23":{"start":{"line":38,"column":19},"end":{"line":38,"column":24}},"24":{"start":{"line":39,"column":25},"end":{"line":39,"column":26}},"25":{"start":{"line":40,"column":23},"end":{"line":40,"column":24}},"26":{"start":{"line":43,"column":8},"end":{"line":53,"column":9}},"27":{"start":{"line":44,"column":12},"end":{"line":44,"column":27}},"28":{"start":{"line":45,"column":12},"end":{"line":52,"column":13}},"29":{"start":{"line":46,"column":16},"end":{"line":50,"column":17}},"30":{"start":{"line":47,"column":20},"end":{"line":47,"column":36}},"31":{"start":{"line":48,"column":20},"end":{"line":48,"column":33}},"32":{"start":{"line":49,"column":20},"end":{"line":49,"column":26}},"33":{"start":{"line":51,"column":16},"end":{"line":51,"column":23}},"34":{"start":{"line":56,"column":8},"end":{"line":58,"column":9}},"35":{"start":{"line":57,"column":12},"end":{"line":57,"column":73}},"36":{"start":{"line":59,"column":8},"end":{"line":59,"column":12}},"37":{"start":{"line":61,"column":4},"end":{"line":61,"column":22}},"38":{"start":{"line":31,"column":0},"end":{"line":31,"column":16}}},"fnMap":{"0":{"name":"reOrderArray","decl":{"start":{"line":5,"column":9},"end":{"line":5,"column":21}},"loc":{"start":{"line":5,"column":98},"end":{"line":29,"column":1}}},"1":{"name":"(anonymous_1)","decl":{"start":{"line":13,"column":25},"end":{"line":13,"column":26}},"loc":{"start":{"line":13,"column":39},"end":{"line":20,"column":5}}},"2":{"name":"(anonymous_2)","decl":{"start":{"line":14,"column":44},"end":{"line":14,"column":45}},"loc":{"start":{"line":14,"column":58},"end":{"line":14,"column":101}}},"3":{"name":"orderProperties","decl":{"start":{"line":31,"column":16},"end":{"line":31,"column":31}},"loc":{"start":{"line":31,"column":66},"end":{"line":62,"column":1}}}},"branchMap":{"0":{"loc":{"start":{"line":16,"column":8},"end":{"line":19,"column":9}},"type":"if","locations":[{"start":{"line":16,"column":8},"end":{"line":19,"column":9}}]},"1":{"loc":{"start":{"line":43,"column":8},"end":{"line":53,"column":9}},"type":"if","locations":[{"start":{"line":43,"column":8},"end":{"line":53,"column":9}}]},"2":{"loc":{"start":{"line":46,"column":16},"end":{"line":50,"column":17}},"type":"if","locations":[{"start":{"line":46,"column":16},"end":{"line":50,"column":17}}]},"3":{"loc":{"start":{"line":46,"column":20},"end":{"line":46,"column":84}},"type":"binary-expr","locations":[{"start":{"line":46,"column":20},"end":{"line":46,"column":50}},{"start":{"line":46,"column":54},"end":{"line":46,"column":84}}]},"4":{"loc":{"start":{"line":56,"column":8},"end":{"line":58,"column":9}},"type":"if","locations":[{"start":{"line":56,"column":8},"end":{"line":58,"column":9}}]}},"s":{"0":1,"1":1,"2":3,"3":3,"4":3,"5":3,"6":6,"7":3,"8":99,"9":70,"10":99,"11":6,"12":6,"13":3,"14":3,"15":3,"16":3,"17":6,"18":6,"19":3,"20":3,"21":3,"22":3,"23":6,"24":6,"25":6,"26":6,"27":3,"28":3,"29":9,"30":3,"31":3,"32":3,"33":6,"34":6,"35":3,"36":6,"37":3,"38":1},"f":{"0":3,"1":99,"2":70,"3":3},"b":{"0":[6],"1":[3],"2":[3],"3":[9,9],"4":[3]}}
,"/Users/yunse/Development/yunsecode/npm/scss-order/src/utils/orderList.ts": {"path":"/Users/yunse/Development/yunsecode/npm/scss-order/src/utils/orderList.ts","statementMap":{"0":{"start":{"line":3,"column":21},"end":{"line":37,"column":2}},"1":{"start":{"line":40,"column":30},"end":{"line":40,"column":51}},"2":{"start":{"line":43,"column":4},"end":{"line":47,"column":5}},"3":{"start":{"line":44,"column":8},"end":{"line":46,"column":9}},"4":{"start":{"line":45,"column":12},"end":{"line":45,"column":31}},"5":{"start":{"line":49,"column":4},"end":{"line":49,"column":19}},"6":{"start":{"line":39,"column":0},"end":{"line":39,"column":16}}},"fnMap":{"0":{"name":"setOrderArray","decl":{"start":{"line":39,"column":16},"end":{"line":39,"column":29}},"loc":{"start":{"line":39,"column":44},"end":{"line":50,"column":1}}}},"branchMap":{"0":{"loc":{"start":{"line":44,"column":8},"end":{"line":46,"column":9}},"type":"if","locations":[{"start":{"line":44,"column":8},"end":{"line":46,"column":9}}]}},"s":{"0":2,"1":5,"2":5,"3":165,"4":161,"5":5,"6":2},"f":{"0":5},"b":{"0":[161]}}
,"/Users/yunse/Development/yunsecode/npm/scss-order/src/utils/splitText.ts": {"path":"/Users/yunse/Development/yunsecode/npm/scss-order/src/utils/splitText.ts","statementMap":{"0":{"start":{"line":2,"column":23},"end":{"line":2,"column":24}},"1":{"start":{"line":4,"column":4},"end":{"line":12,"column":5}},"2":{"start":{"line":4,"column":17},"end":{"line":4,"column":18}},"3":{"start":{"line":5,"column":8},"end":{"line":11,"column":9}},"4":{"start":{"line":6,"column":30},"end":{"line":6,"column":73}},"5":{"start":{"line":7,"column":12},"end":{"line":9,"column":13}},"6":{"start":{"line":8,"column":16},"end":{"line":8,"column":42}},"7":{"start":{"line":10,"column":12},"end":{"line":10,"column":33}},"8":{"start":{"line":14,"column":4},"end":{"line":19,"column":5}},"9":{"start":{"line":15,"column":26},"end":{"line":15,"column":62}},"10":{"start":{"line":16,"column":8},"end":{"line":18,"column":9}},"11":{"start":{"line":17,"column":12},"end":{"line":17,"column":38}},"12":{"start":{"line":24,"column":18},"end":{"line":24,"column":34}},"13":{"start":{"line":25,"column":32},"end":{"line":25,"column":34}},"14":{"start":{"line":27,"column":4},"end":{"line":29,"column":5}},"15":{"start":{"line":28,"column":8},"end":{"line":28,"column":38}},"16":{"start":{"line":31,"column":4},"end":{"line":31,"column":21}},"17":{"start":{"line":22,"column":0},"end":{"line":22,"column":16}}},"fnMap":{"0":{"name":"splitPerLine","decl":{"start":{"line":1,"column":9},"end":{"line":1,"column":21}},"loc":{"start":{"line":1,"column":56},"end":{"line":20,"column":1}}},"1":{"name":"splitTextWithDelimiter","decl":{"start":{"line":22,"column":16},"end":{"line":22,"column":38}},"loc":{"start":{"line":22,"column":51},"end":{"line":32,"column":1}}}},"branchMap":{"0":{"loc":{"start":{"line":5,"column":8},"end":{"line":11,"column":9}},"type":"if","locations":[{"start":{"line":5,"column":8},"end":{"line":11,"column":9}}]},"1":{"loc":{"start":{"line":5,"column":12},"end":{"line":5,"column":68}},"type":"binary-expr","locations":[{"start":{"line":5,"column":12},"end":{"line":5,"column":28}},{"start":{"line":5,"column":32},"end":{"line":5,"column":48}},{"start":{"line":5,"column":52},"end":{"line":5,"column":68}}]},"2":{"loc":{"start":{"line":7,"column":12},"end":{"line":9,"column":13}},"type":"if","locations":[{"start":{"line":7,"column":12},"end":{"line":9,"column":13}}]},"3":{"loc":{"start":{"line":14,"column":4},"end":{"line":19,"column":5}},"type":"if","locations":[{"start":{"line":14,"column":4},"end":{"line":19,"column":5}}]},"4":{"loc":{"start":{"line":16,"column":8},"end":{"line":18,"column":9}},"type":"if","locations":[{"start":{"line":16,"column":8},"end":{"line":18,"column":9}}]}},"s":{"0":18,"1":18,"2":18,"3":178,"4":14,"5":14,"6":14,"7":14,"8":18,"9":2,"10":2,"11":2,"12":5,"13":5,"14":5,"15":18,"16":5,"17":2},"f":{"0":18,"1":5},"b":{"0":[14],"1":[178,175,167],"2":[14],"3":[2],"4":[2]}}
}
