TN:
SF:src/utils/format.ts
FN:3,addSpacesToBeginning
FN:11,formatProperties
FNF:2
FNH:2
FNDA:49,addSpacesToBeginning
FNDA:12,formatProperties
DA:4,49
DA:5,16
DA:7,33
DA:8,33
DA:11,1
DA:12,12
DA:13,12
DA:15,12
DA:16,49
DA:17,20
DA:18,20
DA:19,20
DA:20,29
DA:21,20
DA:22,20
DA:23,20
DA:24,9
DA:25,8
DA:26,2
DA:28,8
DA:29,8
DA:31,1
DA:32,1
DA:35,12
DA:37,12
LF:25
LH:25
BRDA:4,0,0,16
BRDA:16,1,0,20
BRDA:16,1,1,29
BRDA:20,2,0,20
BRDA:20,2,1,9
BRDA:24,3,0,8
BRDA:24,3,1,1
BRDA:25,4,0,2
BRF:8
BRH:8
end_of_record
TN:
SF:src/utils/order.ts
FN:5,reOrderArray
FN:13,(anonymous_1)
FN:14,(anonymous_2)
FN:31,orderProperties
FNF:4
FNH:4
FNDA:3,reOrderArray
FNDA:99,(anonymous_1)
FNDA:70,(anonymous_2)
FNDA:3,orderProperties
DA:1,1
DA:2,1
DA:6,3
DA:7,3
DA:9,3
DA:10,6
DA:13,3
DA:14,99
DA:16,99
DA:17,6
DA:18,6
DA:22,3
DA:24,3
DA:25,3
DA:26,6
DA:27,6
DA:31,1
DA:32,3
DA:33,3
DA:35,3
DA:37,3
DA:38,6
DA:39,6
DA:40,6
DA:43,6
DA:44,3
DA:45,3
DA:46,9
DA:47,3
DA:48,3
DA:49,3
DA:51,6
DA:56,6
DA:57,3
DA:59,6
DA:61,3
LF:36
LH:36
BRDA:16,0,0,6
BRDA:43,1,0,3
BRDA:46,2,0,3
BRDA:46,3,0,9
BRDA:46,3,1,9
BRDA:56,4,0,3
BRF:6
BRH:6
end_of_record
TN:
SF:src/utils/orderList.ts
FN:39,setOrderArray
FNF:1
FNH:1
FNDA:5,setOrderArray
DA:3,2
DA:39,2
DA:40,5
DA:43,5
DA:44,165
DA:45,161
DA:49,5
LF:7
LH:7
BRDA:44,0,0,161
BRF:1
BRH:1
end_of_record
TN:
SF:src/utils/splitText.ts
FN:1,splitPerLine
FN:22,splitTextWithDelimiter
FNF:2
FNH:2
FNDA:18,splitPerLine
FNDA:5,splitTextWithDelimiter
DA:2,18
DA:4,18
DA:5,178
DA:6,14
DA:7,14
DA:8,14
DA:10,14
DA:14,18
DA:15,2
DA:16,2
DA:17,2
DA:22,2
DA:24,5
DA:25,5
DA:27,5
DA:28,18
DA:31,5
LF:17
LH:17
BRDA:5,0,0,14
BRDA:5,1,0,178
BRDA:5,1,1,175
BRDA:5,1,2,167
BRDA:7,2,0,14
BRDA:14,3,0,2
BRDA:16,4,0,2
BRF:7
BRH:7
end_of_record
